c:\users\hugod\onedrive\documents\projects\lume-engine\lume-engine\x64\release\vc143.pdb
c:\users\hugod\onedrive\documents\projects\lume-engine\lume-engine\x64\release\util.obj
c:\users\hugod\onedrive\documents\projects\lume-engine\lume-engine\x64\release\main.obj
c:\users\hugod\onedrive\documents\projects\lume-engine\lume-engine\x64\release\vertexarray.obj
c:\users\hugod\onedrive\documents\projects\lume-engine\lume-engine\x64\release\texture.obj
c:\users\hugod\onedrive\documents\projects\lume-engine\lume-engine\x64\release\shader.obj
c:\users\hugod\onedrive\documents\projects\lume-engine\lume-engine\x64\release\model.obj
c:\users\hugod\onedrive\documents\projects\lume-engine\lume-engine\x64\release\scene.obj
c:\users\hugod\onedrive\documents\projects\lume-engine\lume-engine\x64\release\input.obj
c:\users\hugod\onedrive\documents\projects\lume-engine\lume-engine\x64\release\gameobjects.obj
c:\users\hugod\onedrive\documents\projects\lume-engine\lume-engine\x64\release\camera.obj
c:\users\hugod\onedrive\documents\projects\lume-engine\lume-engine\x64\release\renderer.obj
c:\users\hugod\onedrive\documents\projects\lume-engine\lume-engine\x64\release\glad.obj
c:\users\hugod\onedrive\documents\projects\lume-engine\lume-engine\x64\release\glm.obj
c:\users\hugod\onedrive\documents\projects\lume-engine\x64\release\lume-engine.exe
c:\users\hugod\onedrive\documents\projects\lume-engine\x64\release\lume-engine.pdb
c:\users\hugod\onedrive\documents\projects\lume-engine\lume-engine\x64\release\lume-engine.ipdb
c:\users\hugod\onedrive\documents\projects\lume-engine\lume-engine\x64\release\lume-engine.iobj
c:\users\hugod\onedrive\documents\projects\lume-engine\lume-engine\x64\release\lume-engine.tlog\cl.command.1.tlog
c:\users\hugod\onedrive\documents\projects\lume-engine\lume-engine\x64\release\lume-engine.tlog\cl.items.tlog
c:\users\hugod\onedrive\documents\projects\lume-engine\lume-engine\x64\release\lume-engine.tlog\cl.read.1.tlog
c:\users\hugod\onedrive\documents\projects\lume-engine\lume-engine\x64\release\lume-engine.tlog\cl.write.1.tlog
c:\users\hugod\onedrive\documents\projects\lume-engine\lume-engine\x64\release\lume-engine.tlog\link.command.1.tlog
c:\users\hugod\onedrive\documents\projects\lume-engine\lume-engine\x64\release\lume-engine.tlog\link.read.1.tlog
c:\users\hugod\onedrive\documents\projects\lume-engine\lume-engine\x64\release\lume-engine.tlog\link.secondary.1.tlog
c:\users\hugod\onedrive\documents\projects\lume-engine\lume-engine\x64\release\lume-engine.tlog\link.write.1.tlog
